<?xml version="1.0" encoding="UTF-8"?>
<!-- Generated by org.testng.reporters.JUnitReportReporter -->
<testsuite hostname="LAPTOP-INQHA09L" failures="0" tests="1" name="com.saf.tests.DemoTest1" time="11.906" errors="0" timestamp="2022-04-25T16:06:08 IST" skipped="0">
  <testcase classname="com.saf.tests.DemoTest1" name="test1" time="11.906"/>
  <system-out/>
</testsuite> <!-- com.saf.tests.DemoTest1 -->
