<?xml version="1.0" encoding="UTF-8"?>
<!-- Generated by org.testng.reporters.JUnitReportReporter -->
<testsuite hostname="LAPTOP-INQHA09L" failures="0" tests="1" name="com.saf.tests.HomepageTests" time="7.048" errors="0" timestamp="2022-04-26T14:06:58 IST" skipped="0">
  <testcase classname="com.saf.tests.HomepageTests" name="test3" time="7.048"/>
  <system-out/>
</testsuite> <!-- com.saf.tests.HomepageTests -->
